#
# There is insufficient memory for the Java Runtime Environment to continue.
# Native memory allocation (mmap) failed to map 266338304 bytes for G1 virtual space
# Possible reasons:
#   The system is out of physical RAM or swap space
#   The process is running with CompressedOops enabled, and the Java Heap may be blocking the growth of the native heap
# Possible solutions:
#   Reduce memory load on the system
#   Increase physical memory or swap space
#   Check if swap backing store is full
#   Decrease Java heap size (-Xmx/-Xms)
#   Decrease number of Java threads
#   Decrease Java thread stack sizes (-Xss)
#   Set larger code cache with -XX:ReservedCodeCacheSize=
#   JVM is running with Zero Based Compressed Oops mode in which the Java heap is
#     placed in the first 32GB address space. The Java Heap base address is the
#     maximum limit for the native heap growth. Please use -XX:HeapBaseMinAddress
#     to set the Java Heap base and to place the Java Heap above 32GB virtual address.
# This output file may be truncated or incomplete.
#
#  Out of Memory Error (os_windows.cpp:3548), pid=19108, tid=23588
#
# JRE version:  (17.0.5+8) (build )
# Java VM: OpenJDK 64-Bit Server VM (17.0.5+8-LTS, mixed mode, emulated-client, sharing, tiered, compressed oops, compressed class ptrs, g1 gc, windows-amd64)
# No core dump will be written. Minidumps are not enabled by default on client versions of Windows
#

---------------  S U M M A R Y ------------

Command Line: -XX:TieredStopAtLevel=1 -Xverify:none -Dspring.output.ansi.enabled=always -Dcom.sun.management.jmxremote -Dspring.jmx.enabled=true -Dspring.liveBeansView.mbeanDomain -Dspring.application.admin.enabled=true -javaagent:C:\Program Files\JetBrains\IntelliJ IDEA 2022.1.2\lib\idea_rt.jar=56318:C:\Program Files\JetBrains\IntelliJ IDEA 2022.1.2\bin -Dfile.encoding=UTF-8 ua.kpi.fict.chaban.linkservice.LinkServiceApplication

Host: Intel(R) Core(TM) i5-10300H CPU @ 2.50GHz, 8 cores, 15G,  Windows 11 , 64 bit Build 22621 (10.0.22621.1194)
Time: Wed Mar  8 18:34:20 2023  Windows 11 , 64 bit Build 22621 (10.0.22621.1194) elapsed time: 0.057927 seconds (0d 0h 0m 0s)

---------------  T H R E A D  ---------------

Current thread (0x00000238c0b093f0):  JavaThread "Unknown thread" [_thread_in_vm, id=23588, stack(0x000000b4e4d00000,0x000000b4e4e00000)]

Stack: [0x000000b4e4d00000,0x000000b4e4e00000]
Native frames: (J=compiled Java code, j=interpreted, Vv=VM code, C=native code)
V  [jvm.dll+0x646e0a]
V  [jvm.dll+0x7f7f14]
V  [jvm.dll+0x7f96ce]
V  [jvm.dll+0x7f9d23]
V  [jvm.dll+0x234c98]
V  [jvm.dll+0x643d6a]
V  [jvm.dll+0x63849a]
V  [jvm.dll+0x2f2ed9]
V  [jvm.dll+0x2fa066]
V  [jvm.dll+0x345a2a]
V  [jvm.dll+0x345c6f]
V  [jvm.dll+0x2c9378]
V  [jvm.dll+0x2ca309]
V  [jvm.dll+0x7cb681]
V  [jvm.dll+0x352eb1]
V  [jvm.dll+0x7abb8e]
V  [jvm.dll+0x3ce293]
V  [jvm.dll+0x3cfc91]
C  [jli.dll+0x519f]
C  [ucrtbase.dll+0x29363]
C  [KERNEL32.DLL+0x126bd]
C  [ntdll.dll+0x5dfb8]


---------------  P R O C E S S  ---------------

Threads class SMR info:
_java_thread_list=0x00007ffb3cce6758, length=0, elements={
}

Java Threads: ( => current thread )

Other Threads:
  0x00000238c0b73c90 GCTaskThread "GC Thread#0" [stack: 0x000000b4e4e00000,0x000000b4e4f00000] [id=25408]
  0x00000238c0b84a30 ConcurrentGCThread "G1 Main Marker" [stack: 0x000000b4e4f00000,0x000000b4e5000000] [id=25300]
  0x00000238c0b86cf0 ConcurrentGCThread "G1 Conc#0" [stack: 0x000000b4e5000000,0x000000b4e5100000] [id=21512]

[error occurred during error reporting (printing all threads), id 0xc0000005, EXCEPTION_ACCESS_VIOLATION (0xc0000005) at pc=0x00007ffb3c4da567]

VM state: not at safepoint (not fully initialized)

VM Mutex/Monitor currently owned by a thread:  ([mutex/lock_event])
[0x00000238c0b04080] Heap_lock - owner thread: 0x00000238c0b093f0

Heap address: 0x0000000702000000, size: 4064 MB, Compressed Oops mode: Zero based, Oop shift amount: 3

CDS archive(s) mapped at: [0x0000000000000000-0x0000000000000000-0x0000000000000000), size 0, SharedBaseAddress: 0x0000000800000000, ArchiveRelocationMode: 0.
Narrow klass base: 0x0000000000000000, Narrow klass shift: 0, Narrow klass range: 0x0

GC Precious Log:
<Empty>

Heap:
 garbage-first heap   total 0K, used 0K [0x0000000702000000, 0x0000000800000000)
  region size 2048K, 0 young (0K), 0 survivors (0K)

[error occurred during error reporting (printing heap information), id 0xc0000005, EXCEPTION_ACCESS_VIOLATION (0xc0000005) at pc=0x00007ffb3c89e739]

GC Heap History (0 events):
No events

Dll operation events (1 events):
Event: 0.051 Loaded shared library C:\Users\anton\.jdks\corretto-17.0.5\bin\java.dll

Deoptimization events (0 events):
No events

Classes unloaded (0 events):
No events

Classes redefined (0 events):
No events

Internal exceptions (0 events):
No events

VM Operations (0 events):
No events

Events (0 events):
No events


Dynamic libraries:
0x00007ff7cd4a0000 - 0x00007ff7cd4ad000 	C:\Users\anton\.jdks\corretto-17.0.5\bin\java.exe
0x00007ffbd2e70000 - 0x00007ffbd3084000 	C:\WINDOWS\SYSTEM32\ntdll.dll
0x00007ffbd0e70000 - 0x00007ffbd0f33000 	C:\WINDOWS\System32\KERNEL32.DLL
0x00007ffbd08e0000 - 0x00007ffbd0c7c000 	C:\WINDOWS\System32\KERNELBASE.dll
0x00007ffbd02b0000 - 0x00007ffbd03c1000 	C:\WINDOWS\System32\ucrtbase.dll
0x00007ffba6020000 - 0x00007ffba6037000 	C:\Users\anton\.jdks\corretto-17.0.5\bin\jli.dll
0x00007ffba60f0000 - 0x00007ffba6105000 	C:\Users\anton\.jdks\corretto-17.0.5\bin\VCRUNTIME140.dll
0x00007ffbd2600000 - 0x00007ffbd27ad000 	C:\WINDOWS\System32\USER32.dll
0x00007ffbd05b0000 - 0x00007ffbd05d6000 	C:\WINDOWS\System32\win32u.dll
0x00007ffbd24d0000 - 0x00007ffbd24f9000 	C:\WINDOWS\System32\GDI32.dll
0x00007ffbb5640000 - 0x00007ffbb58ce000 	C:\WINDOWS\WinSxS\amd64_microsoft.windows.common-controls_6595b64144ccf1df_6.0.22621.608_none_a9444ca7c10bb01d\COMCTL32.dll
0x00007ffbd0650000 - 0x00007ffbd0762000 	C:\WINDOWS\System32\gdi32full.dll
0x00007ffbd0f80000 - 0x00007ffbd1027000 	C:\WINDOWS\System32\msvcrt.dll
0x00007ffbd0510000 - 0x00007ffbd05aa000 	C:\WINDOWS\System32\msvcp_win.dll
0x00007ffbd0f40000 - 0x00007ffbd0f72000 	C:\WINDOWS\System32\IMM32.DLL
0x00007ffb80000000 - 0x00007ffb8009b000 	C:\Users\anton\.jdks\corretto-17.0.5\bin\msvcp140.dll
0x00007ffb3c200000 - 0x00007ffb3ce14000 	C:\Users\anton\.jdks\corretto-17.0.5\bin\server\jvm.dll
0x00007ffbd27c0000 - 0x00007ffbd286e000 	C:\WINDOWS\System32\ADVAPI32.dll
0x00007ffbd1030000 - 0x00007ffbd10d4000 	C:\WINDOWS\System32\sechost.dll
0x00007ffbd2a90000 - 0x00007ffbd2ba5000 	C:\WINDOWS\System32\RPCRT4.dll
0x00007ffbb0410000 - 0x00007ffbb0419000 	C:\WINDOWS\SYSTEM32\WSOCK32.dll
0x00007ffbc87f0000 - 0x00007ffbc8824000 	C:\WINDOWS\SYSTEM32\WINMM.dll
0x00007ffbc6950000 - 0x00007ffbc695a000 	C:\WINDOWS\SYSTEM32\VERSION.dll
0x00007ffbd23f0000 - 0x00007ffbd2461000 	C:\WINDOWS\System32\WS2_32.dll
0x00007ffbcf3b0000 - 0x00007ffbcf3c8000 	C:\WINDOWS\SYSTEM32\kernel.appcore.dll
0x00007ffbc3fa0000 - 0x00007ffbc3faa000 	C:\Users\anton\.jdks\corretto-17.0.5\bin\jimage.dll
0x00007ffbcd820000 - 0x00007ffbcda4e000 	C:\WINDOWS\SYSTEM32\DBGHELP.DLL
0x00007ffbd1720000 - 0x00007ffbd1aaa000 	C:\WINDOWS\System32\combase.dll
0x00007ffbd2cd0000 - 0x00007ffbd2da7000 	C:\WINDOWS\System32\OLEAUT32.dll
0x00007ffbb1e90000 - 0x00007ffbb1ec2000 	C:\WINDOWS\SYSTEM32\dbgcore.DLL
0x00007ffbd03d0000 - 0x00007ffbd044b000 	C:\WINDOWS\System32\bcryptPrimitives.dll
0x00007ffbc3800000 - 0x00007ffbc380e000 	C:\Users\anton\.jdks\corretto-17.0.5\bin\instrument.dll
0x00007ffb8ced0000 - 0x00007ffb8cef5000 	C:\Users\anton\.jdks\corretto-17.0.5\bin\java.dll

dbghelp: loaded successfully - version: 4.0.5 - missing functions: none
symbol engine: initialized successfully - sym options: 0x614 - pdb path: .;C:\Users\anton\.jdks\corretto-17.0.5\bin;C:\WINDOWS\SYSTEM32;C:\WINDOWS\WinSxS\amd64_microsoft.windows.common-controls_6595b64144ccf1df_6.0.22621.608_none_a9444ca7c10bb01d;C:\Users\anton\.jdks\corretto-17.0.5\bin\server

VM Arguments:
jvm_args: -XX:TieredStopAtLevel=1 -Xverify:none -Dspring.output.ansi.enabled=always -Dcom.sun.management.jmxremote -Dspring.jmx.enabled=true -Dspring.liveBeansView.mbeanDomain -Dspring.application.admin.enabled=true -javaagent:C:\Program Files\JetBrains\IntelliJ IDEA 2022.1.2\lib\idea_rt.jar=56318:C:\Program Files\JetBrains\IntelliJ IDEA 2022.1.2\bin -Dfile.encoding=UTF-8 
java_command: ua.kpi.fict.chaban.linkservice.LinkServiceApplication
java_class_path (initial): C:\Users\anton\IdeaProjects\link-service\target\classes;C:\Users\anton\.m2\repository\org\springframework\boot\spring-boot-starter-data-jpa\3.0.3\spring-boot-starter-data-jpa-3.0.3.jar;C:\Users\anton\.m2\repository\org\springframework\boot\spring-boot-starter-aop\3.0.3\spring-boot-starter-aop-3.0.3.jar;C:\Users\anton\.m2\repository\org\aspectj\aspectjweaver\1.9.19\aspectjweaver-1.9.19.jar;C:\Users\anton\.m2\repository\org\springframework\boot\spring-boot-starter-jdbc\3.0.3\spring-boot-starter-jdbc-3.0.3.jar;C:\Users\anton\.m2\repository\com\zaxxer\HikariCP\5.0.1\HikariCP-5.0.1.jar;C:\Users\anton\.m2\repository\org\springframework\spring-jdbc\6.0.5\spring-jdbc-6.0.5.jar;C:\Users\anton\.m2\repository\org\hibernate\orm\hibernate-core\6.1.7.Final\hibernate-core-6.1.7.Final.jar;C:\Users\anton\.m2\repository\jakarta\persistence\jakarta.persistence-api\3.1.0\jakarta.persistence-api-3.1.0.jar;C:\Users\anton\.m2\repository\jakarta\transaction\jakarta.transaction-api\2.0.1\jakarta.transaction-api-2.0.1.jar;C:\Users\anton\.m2\repository\org\jboss\logging\jboss-logging\3.5.0.Final\jboss-logging-3.5.0.Final.jar;C:\Users\anton\.m2\repository\org\hibernate\common\hibernate-commons-annotations\6.0.6.Final\hibernate-commons-annotations-6.0.6.Final.jar;C:\Users\anton\.m2\repository\org\jboss\jandex\2.4.2.Final\jandex-2.4.2.Final.jar;C:\Users\anton\.m2\repository\com\fasterxml\classmate\1.5.1\classmate-1.5.1.jar;C:\Users\anton\.m2\repository\net\bytebuddy\byte-buddy\1.12.23\byte-buddy-1.12.23.jar;C:\Users\anton\.m2\repository\org\glassfish\jaxb\jaxb-runtime\4.0.2\jaxb-runtime-4.0.2.jar;C:\Users\anton\.m2\repository\org\glassfish\jaxb\jaxb-core\4.0.2\jaxb-core-4.0.2.jar;C:\Users\anton\.m2\repository\org\eclipse\angus\angus-activation\2.0.0\angus-activation-2.0.0.jar;C:\Users\anton\.m2\repository\org\glassfish\jaxb\txw2\4.0.2\txw2-4.0.2.jar;C:\Users\anton\.m2\repository\com\sun\istack\istack-commons-runtime\4.1.1\istack-commons-runtime-4.1.1.jar;C:\Users\ant
Launcher Type: SUN_STANDARD

[Global flags]
     intx CICompilerCount                          = 4                                         {product} {ergonomic}
     uint ConcGCThreads                            = 2                                         {product} {ergonomic}
     uint G1ConcRefinementThreads                  = 8                                         {product} {ergonomic}
   size_t G1HeapRegionSize                         = 2097152                                   {product} {ergonomic}
    uintx GCDrainStackTargetSize                   = 64                                        {product} {ergonomic}
   size_t InitialHeapSize                          = 266338304                                 {product} {ergonomic}
     bool ManagementServer                         = true                                      {product} {command line}
   size_t MarkStackSize                            = 4194304                                   {product} {ergonomic}
   size_t MaxHeapSize                              = 4261412864                                {product} {ergonomic}
   size_t MinHeapDeltaBytes                        = 2097152                                   {product} {ergonomic}
   size_t MinHeapSize                              = 8388608                                   {product} {ergonomic}
    uintx NonProfiledCodeHeapSize                  = 0                                      {pd product} {ergonomic}
     bool ProfileInterpreter                       = false                                  {pd product} {command line}
    uintx ProfiledCodeHeapSize                     = 0                                      {pd product} {ergonomic}
   size_t SoftMaxHeapSize                          = 4261412864                             {manageable} {ergonomic}
     intx TieredStopAtLevel                        = 1                                         {product} {command line}
     bool UseCompressedClassPointers               = true                           {product lp64_product} {ergonomic}
     bool UseCompressedOops                        = true                           {product lp64_product} {ergonomic}
     bool UseG1GC                                  = true                                      {product} {ergonomic}
     bool UseLargePagesIndividualAllocation        = false                                  {pd product} {ergonomic}

Logging:
Log output configuration:
 #0: stdout all=warning uptime,level,tags
 #1: stderr all=off uptime,level,tags

Environment Variables:
JAVA_HOME=C:\Program Files\Java\jdk-15.0.2
CLASSPATH=C:\Users\anton\IdeaProjects\Components\lib;
PATH=C:\Python311\Scripts\;C:\Python311\;C:\Oracle\WINDOWS.X64_193000_db_home\bin;C:\Users\anton\Downloads\WINDOWS.X64_193000_db_home\bin;C:\Program Files (x86)\Common Files\Oracle\Java\javapath;C:\Program Files (x86)\Razer Chroma SDK\bin;C:\Program Files\Razer Chroma SDK\bin;C:\Program Files\Common Files\Oracle\Java\javapath;C:\Program Files (x86)\Razer\ChromaBroadcast\bin;C:\Program Files\Razer\ChromaBroadcast\bin;C:\Windows\system32;C:\Windows;C:\Windows\System32\Wbem;C:\Windows\System32\WindowsPowerShell\v1.0\;C:\Windows\System32\OpenSSH\;C:\Program Files\NVIDIA Corporation\NVIDIA NvDLISR;C:\Program Files (x86)\NVIDIA Corporation\PhysX\Common;C:\Windows\system32\config\systemprofile\AppData\Local\Microsoft\WindowsApps;C:\Program Files\Go\bin;C:\Program Files\Java\jdk-15.0.2\bin;C:\Program Files\dotnet\;C:\Program Files\Microsoft SQL Server\130\Tools\Binn\;C:\Program Files\Microsoft SQL Server\Client SDK\ODBC\170\Tools\Binn\;C:\HashiCorp\Vagrant\embedded\bin;C:\Program Files\Git\cmd;C:\Program Files (x86)\Microsoft SQL Server\150\Tools\Binn\;C:\Program Files\Microsoft SQL Server\150\Tools\Binn\;C:\Program Files\Microsoft SQL Server\150\DTS\Binn\;C:\Program Files (x86)\Microsoft SQL Server\150\DTS\Binn\;C:\MinGW\bin;C:\Program Files\Docker\Docker\resources\bin;C:\ProgramData\DockerDesktop\version-bin;C:\Program Files\nodejs\;C:\ProgramData\chocolatey\bin;C:\WINDOWS\system32;C:\WINDOWS;C:\WINDOWS\System32\Wbem;C:\WINDOWS\System32\WindowsPowerShell\v1.0\;C:\WINDOWS\System32\OpenSSH\;C:\Program Files\Kubernetes\Minikube;C:\Program Files\Heroku\bin;C:\Users\anton\AppData\Local\Programs\Python\Python38\Scripts\;C:\Users\anton\AppData\Local\Programs\Python\Python38\;C:\Users\anton\AppData\Local\Programs\Python\Python39\Scripts\;C:\Users\anton\AppData\Local\Programs\Python\Python39\;C:\Users\anton\AppData\Local\Microsoft\WindowsApps;C:\Program Files\JetBrains\IntelliJ IDEA 2022.1.2\bin;D:\Programms\PyCharm 2020.2.3\bin;C:\Users\anton\AppData\Local\GitHubDesktop\bin;C:\Users
USERNAME=anton
OS=Windows_NT
PROCESSOR_IDENTIFIER=Intel64 Family 6 Model 165 Stepping 2, GenuineIntel
TMP=C:\Users\anton\AppData\Local\Temp
TEMP=C:\Users\anton\AppData\Local\Temp



---------------  S Y S T E M  ---------------

OS:
 Windows 11 , 64 bit Build 22621 (10.0.22621.1194)
OS uptime: 3 days 4:34 hours
Hyper-V role detected

CPU: total 8 (initial active 8) (4 cores per cpu, 2 threads per core) family 6 model 165 stepping 2 microcode 0xec, cx8, cmov, fxsr, ht, mmx, 3dnowpref, sse, sse2, sse3, ssse3, sse4.1, sse4.2, popcnt, lzcnt, tsc, tscinvbit, avx, avx2, aes, erms, clmul, bmi1, bmi2, adx, fma, vzeroupper, clflush, clflushopt, hv

Memory: 4k page, system-wide physical 16251M (622M free)
TotalPageFile size 32251M (AvailPageFile size 137M)
current process WorkingSet (physical memory assigned to process): 11M, peak: 11M
current process commit charge ("private bytes"): 55M, peak: 309M

vm_info: OpenJDK 64-Bit Server VM (17.0.5+8-LTS) for windows-amd64 JRE (17.0.5+8-LTS), built on Oct 13 2022 05:18:14 by "Administrator" with MS VC++ 15.9 (VS2017)

END.
